app/build/outputs/logs/manifest-merger-release-report.txt
-- Merging decision tree log ---
manifest
ADDED from src/main/AndroidManifest.xml:2:1-110:12
	package
		ADDED from src/main/AndroidManifest.xml:3:5-37
		INJECTED from src/main/AndroidManifest.xml
		INJECTED from src/main/AndroidManifest.xml
	android:versionName
		ADDED from src/main/AndroidManifest.xml:5:5-30
		INJECTED from src/main/AndroidManifest.xml
		INJECTED from src/main/AndroidManifest.xml
	android:versionCode
		ADDED from src/main/AndroidManifest.xml:4:5-28
		INJECTED from src/main/AndroidManifest.xml
		INJECTED from src/main/AndroidManifest.xml
	xmlns:android
		ADDED from src/main/AndroidManifest.xml:2:11-69
uses-sdk
ADDED from src/main/AndroidManifest.xml:7:5-9:41
	android:targetSdkVersion
		ADDED from src/main/AndroidManifest.xml:9:9-38
		INJECTED from src/main/AndroidManifest.xml
		INJECTED from src/main/AndroidManifest.xml
	android:minSdkVersion
		ADDED from src/main/AndroidManifest.xml:8:9-34
		INJECTED from src/main/AndroidManifest.xml
		INJECTED from src/main/AndroidManifest.xml
uses-permission#android.permission.ACCESS_WIFI_STATE
ADDED from src/main/AndroidManifest.xml:11:5-75
	android:name
		ADDED from src/main/AndroidManifest.xml:11:22-73
uses-permission#android.permission.ACCESS_NETWORK_STATE
ADDED from src/main/AndroidManifest.xml:12:2-75
	android:name
		ADDED from src/main/AndroidManifest.xml:12:19-73
uses-permission#android.permission.CHANGE_WIFI_STATE
ADDED from src/main/AndroidManifest.xml:13:2-72
	android:name
		ADDED from src/main/AndroidManifest.xml:13:19-70
uses-permission#android.permission.GET_ACCOUNTS
ADDED from src/main/AndroidManifest.xml:14:2-67
	android:name
		ADDED from src/main/AndroidManifest.xml:14:19-65
uses-permission#android.permission.MANAGE_ACCOUNTS
ADDED from src/main/AndroidManifest.xml:15:2-70
	android:name
		ADDED from src/main/AndroidManifest.xml:15:19-68
uses-permission#android.permission.READ_PHONE_STATE
ADDED from src/main/AndroidManifest.xml:16:2-71
	android:name
		ADDED from src/main/AndroidManifest.xml:16:19-69
uses-permission#android.permission.WRITE_EXTERNAL_STORAGE
ADDED from src/main/AndroidManifest.xml:17:2-77
	android:name
		ADDED from src/main/AndroidManifest.xml:17:19-75
uses-permission#android.permission.GET_TASKS
ADDED from src/main/AndroidManifest.xml:18:2-64
	android:name
		ADDED from src/main/AndroidManifest.xml:18:19-62
uses-permission#android.permission.INTERNET
ADDED from src/main/AndroidManifest.xml:19:2-63
	android:name
		ADDED from src/main/AndroidManifest.xml:19:19-61
uses-permission#android.permission.BLUETOOTH
ADDED from src/main/AndroidManifest.xml:22:2-64
	android:name
		ADDED from src/main/AndroidManifest.xml:22:19-62
uses-permission#android.permission.BLUETOOTH_ADMIN
ADDED from src/main/AndroidManifest.xml:23:2-70
	android:name
		ADDED from src/main/AndroidManifest.xml:23:19-68
application
ADDED from src/main/AndroidManifest.xml:25:5-107:19
	android:label
		ADDED from src/main/AndroidManifest.xml:28:9-41
	android:allowBackup
		ADDED from src/main/AndroidManifest.xml:26:9-35
	android:icon
		ADDED from src/main/AndroidManifest.xml:27:9-45
	android:theme
		ADDED from src/main/AndroidManifest.xml:29:9-62
activity#cn.sharesdk.share.demo.MainActivity
ADDED from src/main/AndroidManifest.xml:30:9-37:20
	android:name
		ADDED from src/main/AndroidManifest.xml:31:13-63
intent-filter#android.intent.action.MAIN+android.intent.category.LAUNCHER
ADDED from src/main/AndroidManifest.xml:32:13-36:29
action#android.intent.action.MAIN
ADDED from src/main/AndroidManifest.xml:33:17-69
	android:name
		ADDED from src/main/AndroidManifest.xml:33:25-66
category#android.intent.category.LAUNCHER
ADDED from src/main/AndroidManifest.xml:35:17-77
	android:name
		ADDED from src/main/AndroidManifest.xml:35:27-74
activity#cn.sharesdk.share.demo.DerectShareWithEditActivity
ADDED from src/main/AndroidManifest.xml:38:3-81
	android:name
		ADDED from src/main/AndroidManifest.xml:38:13-78
activity#cn.sharesdk.share.demo.DerectShareWithoutEditActivity
ADDED from src/main/AndroidManifest.xml:39:3-84
	android:name
		ADDED from src/main/AndroidManifest.xml:39:13-81
activity#com.mob.tools.MobUIShell
ADDED from src/main/AndroidManifest.xml:41:3-85:14
	android:screenOrientation
		ADDED from src/main/AndroidManifest.xml:45:4-40
	android:windowSoftInputMode
		ADDED from src/main/AndroidManifest.xml:46:4-58
	android:configChanges
		ADDED from src/main/AndroidManifest.xml:44:4-65
	android:theme
		ADDED from src/main/AndroidManifest.xml:43:4-63
	android:name
		ADDED from src/main/AndroidManifest.xml:42:4-43
meta-data#AuthorizeAdapter
ADDED from src/main/AndroidManifest.xml:52:13-101
	android:value
		ADDED from src/main/AndroidManifest.xml:52:56-98
	android:name
		ADDED from src/main/AndroidManifest.xml:52:24-55
intent-filter#android.intent.action.VIEW+android.intent.category.BROWSABLE+android.intent.category.DEFAULT
ADDED from src/main/AndroidManifest.xml:66:13-71:29
data
ADDED from src/main/AndroidManifest.xml:67:17-61
	android:scheme
		ADDED from src/main/AndroidManifest.xml:67:23-58
action#android.intent.action.VIEW
ADDED from src/main/AndroidManifest.xml:68:11-63
	android:name
		ADDED from src/main/AndroidManifest.xml:68:19-60
category#android.intent.category.BROWSABLE
ADDED from src/main/AndroidManifest.xml:69:11-71
	android:name
		ADDED from src/main/AndroidManifest.xml:69:21-69
category#android.intent.category.DEFAULT
ADDED from src/main/AndroidManifest.xml:70:11-70
	android:name
		ADDED from src/main/AndroidManifest.xml:70:21-67
intent-filter#android.intent.category.DEFAULT+com.sina.weibo.sdk.action.ACTION_SDK_REQ_ACTIVITY
ADDED from src/main/AndroidManifest.xml:81:13-84:20
action#com.sina.weibo.sdk.action.ACTION_SDK_REQ_ACTIVITY
ADDED from src/main/AndroidManifest.xml:82:5-80
	android:name
		ADDED from src/main/AndroidManifest.xml:82:13-77
activity#cn.sharesdk.share.demo.wxapi.WXEntryActivity
ADDED from src/main/AndroidManifest.xml:88:9-92:39
	android:exported
		ADDED from src/main/AndroidManifest.xml:92:13-36
	android:configChanges
		ADDED from src/main/AndroidManifest.xml:91:13-74
	android:theme
		ADDED from src/main/AndroidManifest.xml:90:13-72
	android:name
		ADDED from src/main/AndroidManifest.xml:89:13-72
activity#cn.sharesdk.share.demo.yxapi.YXEntryActivity
ADDED from src/main/AndroidManifest.xml:94:9-100:46
	android:excludeFromRecents
		ADDED from src/main/AndroidManifest.xml:98:13-46
	android:launchMode
		ADDED from src/main/AndroidManifest.xml:100:13-43
	android:exported
		ADDED from src/main/AndroidManifest.xml:99:13-36
	android:configChanges
		ADDED from src/main/AndroidManifest.xml:97:13-74
	android:theme
		ADDED from src/main/AndroidManifest.xml:96:13-72
	android:name
		ADDED from src/main/AndroidManifest.xml:95:13-72
activity#cn.sharesdk.share.demo.apshare.ShareEntryActivity
ADDED from src/main/AndroidManifest.xml:102:9-106:38
	android:exported
		ADDED from src/main/AndroidManifest.xml:106:13-36
	android:configChanges
		ADDED from src/main/AndroidManifest.xml:105:13-74
	android:theme
		ADDED from src/main/AndroidManifest.xml:104:13-72
	android:name
		ADDED from src/main/AndroidManifest.xml:103:13-77